2018-06-19 12:00:01.798001+00:00
SeaWorld 2018-06-19 12:00:01.980434+00:00
2018-06-20 12:00:02.574049+00:00
SeaWorld 2018-06-20 12:00:02.818553+00:00
2018-06-21 12:00:01.978966+00:00
Saatchi 2018-06-21 12:00:02.190984+00:00
Traceback (most recent call last):
  File "/home/ocalifano/public_html/python/smartsheet/auto.py", line 52, in <module>
    campaign_ids, s_status, s_budgets, s_starts, s_ends, s_metric = get_from_smartsheet(conn, headers_smartsheet, sheet, id, budget, status, start, end, metric, email)
  File "/home/ocalifano/public_html/python/smartsheet/ss_t1_helper.py", line 44, in get_from_smartsheet
    s_ids.append(str(int(x["cells"][id]["value"])))
ValueError: invalid literal for int() with base 10: 'Social'
Conagra 2018-06-21 12:00:02.539778+00:00
Progressive 2018-06-21 12:00:02.824313+00:00
2018-06-21 12:00:01.984838+00:00
SeaWorld 2018-06-21 12:00:02.155615+00:00
2018-06-22 12:00:01.847460+00:00
SeaWorld 2018-06-22 12:00:02.040775+00:00
2018-06-23 12:00:02.207095+00:00
SeaWorld 2018-06-23 12:00:02.469121+00:00
2018-06-24 12:00:01.875044+00:00
SeaWorld 2018-06-24 12:00:02.049854+00:00
2018-06-25 12:00:02.677562+00:00
SeaWorld 2018-06-25 12:00:02.843333+00:00
2018-06-25 12:00:02.620478+00:00
Saatchi 2018-06-25 12:00:02.811599+00:00
Traceback (most recent call last):
  File "/home/ocalifano/public_html/python/smartsheet/auto.py", line 52, in <module>
    campaign_ids, s_status, s_budgets, s_starts, s_ends, s_metric = get_from_smartsheet(conn, headers_smartsheet, sheet, id, budget, status, start, end, metric, email)
  File "/home/ocalifano/public_html/python/smartsheet/ss_t1_helper.py", line 44, in get_from_smartsheet
    s_ids.append(str(int(x["cells"][id]["value"])))
ValueError: invalid literal for int() with base 10: 'Social'
Conagra 2018-06-25 12:00:03.296246+00:00
Progressive 2018-06-25 12:00:03.636438+00:00
2018-06-25 12:00:02.567498+00:00
IBM - NA/WW 2018-06-25 12:00:02.769595+00:00
IBM - Local 2018-06-25 12:00:11.227549+00:00
GoDaddy 2018-06-25 12:00:19.379874+00:00
2018-06-26 12:00:02.247706+00:00
SeaWorld 2018-06-26 12:00:02.494737+00:00
2018-06-27 12:00:02.303746+00:00
Saatchi 2018-06-27 12:00:02.660519+00:00
Traceback (most recent call last):
  File "/home/ocalifano/public_html/python/smartsheet/auto.py", line 52, in <module>
    campaign_ids, s_status, s_budgets, s_starts, s_ends, s_metric = get_from_smartsheet(conn, headers_smartsheet, sheet, id, budget, status, start, end, metric, email)
  File "/home/ocalifano/public_html/python/smartsheet/ss_t1_helper.py", line 44, in get_from_smartsheet
    s_ids.append(str(int(x["cells"][id]["value"])))
ValueError: invalid literal for int() with base 10: 'Social'
SeaWorld 2018-06-27 12:00:03.146414+00:00
2018-06-28 12:00:02.652122+00:00
Conagra 2018-06-28 12:00:02.910671+00:00
Progressive 2018-06-28 12:00:03.284081+00:00
2018-06-28 12:00:02.652291+00:00
Saatchi 2018-06-28 12:00:02.858509+00:00
2.94
13.06
4.96
4.39
3.76
0
5.49
10.00
7.49
4.36
6.11
5.68
5.94
3.89
8.29
7.29
SeaWorld 2018-06-28 12:01:05.527316+00:00
2018-06-29 12:00:02.302636+00:00
Saatchi 2018-06-29 12:00:02.793536+00:00
2.94
13.06
4.96
4.36
3.76
0
5.49
10.00
7.49
4.36
6.11
5.68
5.98
3.90
8.34
7.35
SeaWorld 2018-06-29 12:01:08.695915+00:00
2018-06-30 12:00:02.250826+00:00
Saatchi 2018-06-30 12:00:02.457830+00:00
2.94
13.06
4.96
4.35
3.78
0
5.49
10.00
7.49
4.36
6.11
5.68
6.03
3.92
8.41
7.35
SeaWorld 2018-06-30 12:01:05.024580+00:00
2018-07-01 12:00:01.947635+00:00
2018-07-01 12:00:01.948309+00:00
Saatchi 2018-07-01 12:00:02.343999+00:00
2.94
13.06
4.96
4.35
3.79
0
5.50
10.00
7.49
4.37
6.11
5.68
6.05
3.94
8.49
7.35
SeaWorld 2018-07-01 12:01:06.740087+00:00
2018-07-02 12:00:02.383412+00:00
Conagra 2018-07-02 12:00:02.552365+00:00
Progressive 2018-07-02 12:00:02.973173+00:00
2018-07-02 12:00:02.350819+00:00
IBM - NA/WW 2018-07-02 12:00:02.529016+00:00
IBM - Local 2018-07-02 12:00:09.464450+00:00
2018-07-02 12:00:02.301345+00:00
Saatchi 2018-07-02 12:00:02.498882+00:00
2.94
13.06
4.96
4.35
3.79
0
5.50
10.00
7.49
4.37
6.11
5.68
6.05
3.94
8.49
7.35
SeaWorld 2018-07-02 12:01:09.514067+00:00
2018-07-03 12:00:02.135360+00:00
SeaWorld 2018-07-03 12:00:02.330672+00:00
2018-07-04 12:00:02.732052+00:00
Saatchi 2018-07-04 12:00:02.938579+00:00
2.94
13.06
4.96
4.35
3.79
0
5.53
10.00
7.49
4.37
6.11
5.68
6.05
3.94
8.49
7.35
SeaWorld 2018-07-04 12:01:08.661357+00:00
2018-07-05 12:00:02.439302+00:00
Conagra 2018-07-05 12:00:02.643992+00:00
Progressive 2018-07-05 12:00:03.208310+00:00
2018-07-05 12:00:02.422411+00:00
Saatchi 2018-07-05 12:00:02.618836+00:00
4.37
8.49
6.11
5.68
3.94
8.49
7.86
3.90
Traceback (most recent call last):
  File "/home/ocalifano/public_html/python/smartsheet/auto.py", line 121, in <module>
    da = df.style
  File "/usr/local/lib/python3.6/site-packages/pandas/core/frame.py", line 684, in style
    return Styler(self)
  File "/usr/local/lib/python3.6/site-packages/pandas/io/formats/style.py", line 130, in __init__
    raise ValueError("style is not supported for non-unique indicies.")
ValueError: style is not supported for non-unique indicies.
SeaWorld 2018-07-05 12:00:32.359837+00:00
2018-07-06 12:00:02.276406+00:00
Saatchi 2018-07-06 12:00:02.461451+00:00
9.89
0
5.60
4.37
6.11
5.68
3.95
8.49
7.83
3.90
SeaWorld 2018-07-06 12:00:42.768818+00:00
2018-07-07 12:00:02.618653+00:00
Saatchi 2018-07-07 12:00:02.822341+00:00
9.84
3.48
5.63
4.37
6.11
5.68
3.95
8.48
7.81
3.90
7.35
2018-07-08 12:00:02.546623+00:00
Saatchi 2018-07-08 12:00:02.704770+00:00
9.96
3.50
5.66
4.37
6.11
5.68
3.95
8.48
7.78
3.90
7.35
2018-07-09 12:00:02.788591+00:00
Conagra 2018-07-09 12:00:03.091185+00:00
Progressive 2018-07-09 12:00:03.424965+00:00
2018-07-09 12:00:02.773928+00:00
IBM - NA/WW 2018-07-09 12:00:03.065726+00:00
IBM - Local 2018-07-09 12:00:15.913520+00:00
2018-07-09 12:00:02.641559+00:00
Saatchi 2018-07-09 12:00:03.068874+00:00
10.08
3.53
5.69
4.37
6.11
5.68
3.95
8.48
7.76
3.90
7.35
2018-07-10 12:00:02.643127+00:00
2018-07-11 12:00:02.192498+00:00
2018-07-12 12:00:04.235768+00:00
2018-07-12 12:00:04.180268+00:00
Saatchi 2018-07-12 12:00:04.332016+00:00
9.98
3.61
5.77
4.39
6.11
7.69
Conagra 2018-07-12 12:00:29.916269+00:00
Progressive 2018-07-12 12:00:30.252603+00:00
2018-07-13 12:00:01.990282+00:00
2018-07-14 12:00:02.625703+00:00
2018-07-15 12:00:02.224376+00:00
2018-07-16 12:00:08.112081+00:00
2018-07-16 12:00:08.008969+00:00
IBM - NA/WW 2018-07-16 12:00:08.164181+00:00
IBM - Local 2018-07-16 12:00:12.604995+00:00
2018-07-16 12:00:08.118083+00:00
SaatchiX 2018-07-16 12:00:08.243905+00:00
9.89
3.64
5.84
4.41
6.11
7.63
4.12
Conagra 2018-07-16 12:00:37.833561+00:00
Progressive 2018-07-16 12:00:38.134134+00:00
2018-07-17 12:00:02.830097+00:00
2018-07-18 12:00:02.487265+00:00
2018-07-19 12:00:03.245910+00:00
2018-07-19 12:00:03.219885+00:00
SaatchiX 2018-07-19 12:00:03.385746+00:00
9.89
3.64
5.84
4.42
6.11
7.61
4.36
Conagra 2018-07-19 12:00:34.194427+00:00
Progressive 2018-07-19 12:00:34.478847+00:00
2018-07-20 12:00:02.292648+00:00
2018-07-21 12:00:01.789849+00:00
2018-07-22 12:00:02.286461+00:00
2018-07-23 12:00:02.724944+00:00
2018-07-23 12:00:02.722659+00:00
IBM - NA/WW 2018-07-23 12:00:02.869766+00:00
IBM - Local 2018-07-23 12:00:08.600308+00:00
2018-07-23 12:00:02.664950+00:00
SaatchiX 2018-07-23 12:00:02.827319+00:00
9.89
3.64
5.84
4.44
6.11
7.61
4.52
Conagra 2018-07-23 12:00:32.190714+00:00
Progressive 2018-07-23 12:00:32.505362+00:00
2018-07-24 12:00:02.026031+00:00
2018-07-25 12:00:01.715313+00:00
2018-07-26 12:00:01.888365+00:00
2018-07-26 12:00:01.954623+00:00
SaatchiX 2018-07-26 12:00:02.153326+00:00
9.89
4.45
3.95
8.48
2.96
7.61
4.62
Conagra 2018-07-26 12:00:30.659628+00:00
Progressive 2018-07-26 12:00:30.958556+00:00
2018-07-27 12:00:02.394906+00:00
2018-07-28 12:00:02.167688+00:00
2018-07-29 12:00:02.322117+00:00
2018-07-30 12:00:02.436121+00:00
2018-07-30 12:00:02.490309+00:00
IBM - NA/WW 2018-07-30 12:00:02.686552+00:00
IBM - Local 2018-07-30 12:00:08.542574+00:00
2018-07-30 12:00:02.505448+00:00
SaatchiX 2018-07-30 12:00:02.679840+00:00
4.50
3.95
8.48
3.18
7.61
4.72
Conagra 2018-07-30 12:00:28.815764+00:00
Progressive 2018-07-30 12:00:29.121081+00:00
2018-07-31 12:00:03.103110+00:00
2018-08-01 12:00:03.247975+00:00
2018-08-01 12:00:03.249528+00:00
2018-08-02 12:00:02.554959+00:00
2018-08-02 12:00:02.387219+00:00
SaatchiX 2018-08-02 12:00:02.552289+00:00
4.54
3.95
8.48
3.49
7.61
4.75
Conagra 2018-08-02 12:00:31.347835+00:00
Progressive 2018-08-02 12:00:31.657031+00:00
2018-08-03 12:00:01.954968+00:00
2018-08-04 12:00:02.192308+00:00
2018-08-05 12:00:01.962743+00:00
2018-08-06 12:00:02.447121+00:00
2018-08-06 12:00:02.468308+00:00
IBM - NA/WW 2018-08-06 12:00:02.881005+00:00
IBM - Local 2018-08-06 12:00:07.575148+00:00
2018-08-06 12:00:02.455962+00:00
SaatchiX 2018-08-06 12:00:02.824877+00:00
4.60
3.84
4.72
5.57
Conagra 2018-08-06 12:00:20.620122+00:00
Progressive 2018-08-06 12:00:20.934999+00:00
2018-08-07 12:00:01.606148+00:00
2018-08-08 12:00:02.283221+00:00
2018-08-09 12:00:02.006693+00:00
2018-08-09 12:00:01.970576+00:00
SaatchiX 2018-08-09 12:00:02.126209+00:00
4.63
4.03
4.72
5.29
Conagra 2018-08-09 12:00:20.971471+00:00
Progressive 2018-08-09 12:00:21.283098+00:00
2018-08-10 12:00:02.484300+00:00
2018-08-11 12:00:02.414257+00:00
2018-08-12 12:00:02.430097+00:00
2018-08-13 12:00:02.874574+00:00
2018-08-13 12:00:02.913368+00:00
IBM - NA/WW 2018-08-13 12:00:03.078315+00:00
IBM - Local 2018-08-13 12:00:09.013290+00:00
2018-08-13 12:00:02.921438+00:00
SaatchiX 2018-08-13 12:00:03.070345+00:00
4.68
4.17
4.73
5.25
Conagra 2018-08-13 12:00:21.123275+00:00
Progressive 2018-08-13 12:00:21.397992+00:00
2018-08-14 12:00:02.526640+00:00
2018-08-15 12:00:01.551766+00:00
2018-08-16 12:00:02.629359+00:00
2018-08-16 12:00:02.686232+00:00
SaatchiX 2018-08-16 12:00:02.897078+00:00
4.71
4.31
4.61
5.20
Conagra 2018-08-16 12:00:20.713785+00:00
Progressive 2018-08-16 12:00:21.052233+00:00
2018-08-17 12:00:01.899310+00:00
2018-08-18 12:00:01.878889+00:00
2018-08-19 12:00:01.682796+00:00
2018-08-20 12:00:02.746693+00:00
2018-08-20 12:00:02.701178+00:00
IBM - NA/WW 2018-08-20 12:00:02.883423+00:00
IBM - Local 2018-08-20 12:00:09.116554+00:00
Traceback (most recent call last):
  File "/home/ocalifano/public_html/python/smartsheet/auto.py", line 52, in <module>
    campaign_ids, s_status, s_budgets, s_starts, s_ends, s_metric = get_from_smartsheet(conn, headers_smartsheet, sheet, id, budget, status, start, end, metric, email)
  File "/home/ocalifano/public_html/python/smartsheet/ss_t1_helper.py", line 44, in get_from_smartsheet
    s_ids.append(str(int(x["cells"][id]["value"])))
ValueError: invalid literal for int() with base 10: 'tbd'
2018-08-20 12:00:02.719666+00:00
SaatchiX 2018-08-20 12:00:02.866867+00:00
4.76
4.31
4.39
5.09
Progressive 2018-08-20 12:00:20.681595+00:00
2018-08-21 12:00:02.128657+00:00
2018-08-22 12:00:01.999722+00:00
2018-08-23 12:00:02.639739+00:00
2018-08-23 12:00:02.562832+00:00
SaatchiX 2018-08-23 12:00:02.718740+00:00
4.80
4.21
4.97
6.58
Progressive 2018-08-23 12:00:24.035837+00:00
2018-08-24 12:00:02.034823+00:00
2018-08-25 12:00:01.719325+00:00
2018-08-26 12:00:01.960528+00:00
2018-08-27 12:00:02.336591+00:00
2018-08-27 12:00:02.341953+00:00
IBM - NA/WW 2018-08-27 12:00:02.501595+00:00
IBM - Local 2018-08-27 12:00:11.190106+00:00
Traceback (most recent call last):
  File "/home/ocalifano/public_html/python/smartsheet/auto.py", line 52, in <module>
    campaign_ids, s_status, s_budgets, s_starts, s_ends, s_metric = get_from_smartsheet(conn, headers_smartsheet, sheet, id, budget, status, start, end, metric, email)
  File "/home/ocalifano/public_html/python/smartsheet/ss_t1_helper.py", line 44, in get_from_smartsheet
    s_ids.append(str(int(x["cells"][id]["value"])))
ValueError: invalid literal for int() with base 10: 'tbd'
2018-08-27 12:00:02.346473+00:00
SaatchiX 2018-08-27 12:00:02.475189+00:00
4.85
3.95
4.76
5.91
Progressive 2018-08-27 12:00:20.482676+00:00
2018-08-28 12:00:02.373517+00:00
2018-08-29 12:00:02.204755+00:00
2018-08-30 12:00:02.588674+00:00
2018-08-30 12:00:02.512569+00:00
SaatchiX 2018-08-30 12:00:02.653856+00:00
4.89
3.88
</html>
Traceback (most recent call last):
  File "/home/ocalifano/public_html/python/smartsheet/auto.py", line 90, in <module>
    df.loc[camp_id,'T1 CPM'] = '{:.2f}'.format(round(float(cpm), 2))
ValueError: could not convert string to float: '</html>'
Progressive 2018-08-30 12:03:50.830053+00:00
